# JRE version: OpenJDK Runtime Environment (8.0_152-b02) (build 1.8.0_152-release-1024-b02)
# Java VM: OpenJDK 64-Bit Server VM (25.152-b02 mixed mode windows-amd64 compressed oops)
Heap:
 PSYoungGen      total 112128K, used 50499K [0x00000000e0000000, 0x00000000ea280000, 0x0000000100000000)
  eden space 93184K, 33% used [0x00000000e0000000,0x00000000e1ed1090,0x00000000e5b00000)
  from space 18944K, 99% used [0x00000000e5b00000,0x00000000e6d7fc08,0x00000000e6d80000)
  to   space 24576K, 61% used [0x00000000e8a80000,0x00000000e9958708,0x00000000ea280000)
 ParOldGen       total 102912K, used 33706K [0x00000000a0000000, 0x00000000a6480000, 0x00000000e0000000)
  object space 102912K, 32% used [0x00000000a0000000,0x00000000a20ea880,0x00000000a6480000)
 Metaspace       used 57330K, capacity 59152K, committed 59160K, reserved 1099776K
  class space    used 7877K, capacity 8361K, committed 8368K, reserved 1048576K
GC Heap History (10 events):
Event: 14.613 GC heap after
Heap after GC invocations=13 (full 2):
 PSYoungGen      total 76800K, used 9618K [0x00000000e0000000, 0x00000000e6700000, 0x0000000100000000)
  eden space 64512K, 0% used [0x00000000e0000000,0x00000000e0000000,0x00000000e3f00000)
  from space 12288K, 78% used [0x00000000e3f00000,0x00000000e48649b0,0x00000000e4b00000)
  to   space 12800K, 0% used [0x00000000e5a80000,0x00000000e5a80000,0x00000000e6700000)
 ParOldGen       total 102912K, used 16977K [0x00000000a0000000, 0x00000000a6480000, 0x00000000e0000000)
  object space 102912K, 16% used [0x00000000a0000000,0x00000000a1094458,0x00000000a6480000)
 Metaspace       used 41028K, capacity 41926K, committed 42160K, reserved 1085440K
  class space    used 5648K, capacity 5953K, committed 6064K, reserved 1048576K
}
Event: 17.280 GC heap before
{Heap before GC invocations=14 (full 2):
 PSYoungGen      total 76800K, used 74130K [0x00000000e0000000, 0x00000000e6700000, 0x0000000100000000)
  eden space 64512K, 100% used [0x00000000e0000000,0x00000000e3f00000,0x00000000e3f00000)
  from space 12288K, 78% used [0x00000000e3f00000,0x00000000e48649b0,0x00000000e4b00000)
  to   space 12800K, 0% used [0x00000000e5a80000,0x00000000e5a80000,0x00000000e6700000)
 ParOldGen       total 102912K, used 16977K [0x00000000a0000000, 0x00000000a6480000, 0x00000000e0000000)
  object space 102912K, 16% used [0x00000000a0000000,0x00000000a1094458,0x00000000a6480000)
 Metaspace       used 47025K, capacity 48108K, committed 48304K, reserved 1091584K
  class space    used 6442K, capacity 6764K, committed 6832K, reserved 1048576K
Event: 17.300 GC heap after
Heap after GC invocations=14 (full 2):
 PSYoungGen      total 91648K, used 10914K [0x00000000e0000000, 0x00000000e6880000, 0x0000000100000000)
  eden space 78848K, 0% used [0x00000000e0000000,0x00000000e0000000,0x00000000e4d00000)
  from space 12800K, 85% used [0x00000000e5a80000,0x00000000e65288e0,0x00000000e6700000)
  to   space 13824K, 0% used [0x00000000e4d00000,0x00000000e4d00000,0x00000000e5a80000)
 ParOldGen       total 102912K, used 17049K [0x00000000a0000000, 0x00000000a6480000, 0x00000000e0000000)
  object space 102912K, 16% used [0x00000000a0000000,0x00000000a10a6468,0x00000000a6480000)
 Metaspace       used 47025K, capacity 48108K, committed 48304K, reserved 1091584K
  class space    used 6442K, capacity 6764K, committed 6832K, reserved 1048576K
}
Event: 19.979 GC heap before
{Heap before GC invocations=15 (full 2):
 PSYoungGen      total 91648K, used 89762K [0x00000000e0000000, 0x00000000e6880000, 0x0000000100000000)
  eden space 78848K, 100% used [0x00000000e0000000,0x00000000e4d00000,0x00000000e4d00000)
  from space 12800K, 85% used [0x00000000e5a80000,0x00000000e65288e0,0x00000000e6700000)
  to   space 13824K, 0% used [0x00000000e4d00000,0x00000000e4d00000,0x00000000e5a80000)
 ParOldGen       total 102912K, used 17049K [0x00000000a0000000, 0x00000000a6480000, 0x00000000e0000000)
  object space 102912K, 16% used [0x00000000a0000000,0x00000000a10a6468,0x00000000a6480000)
 Metaspace       used 52418K, capacity 54064K, committed 54320K, reserved 1095680K
  class space    used 7231K, capacity 7624K, committed 7728K, reserved 1048576K
Event: 19.997 GC heap after
Heap after GC invocations=15 (full 2):
 PSYoungGen      total 92672K, used 13801K [0x00000000e0000000, 0x00000000e7d00000, 0x0000000100000000)
  eden space 78848K, 0% used [0x00000000e0000000,0x00000000e0000000,0x00000000e4d00000)
  from space 13824K, 99% used [0x00000000e4d00000,0x00000000e5a7a660,0x00000000e5a80000)
  to   space 15872K, 0% used [0x00000000e6d80000,0x00000000e6d80000,0x00000000e7d00000)
 ParOldGen       total 102912K, used 17919K [0x00000000a0000000, 0x00000000a6480000, 0x00000000e0000000)
  object space 102912K, 17% used [0x00000000a0000000,0x00000000a117fd58,0x00000000a6480000)
 Metaspace       used 52418K, capacity 54064K, committed 54320K, reserved 1095680K
  class space    used 7231K, capacity 7624K, committed 7728K, reserved 1048576K
}
Event: 21.998 GC heap before
{Heap before GC invocations=16 (full 2):
 PSYoungGen      total 92672K, used 92649K [0x00000000e0000000, 0x00000000e7d00000, 0x0000000100000000)
  eden space 78848K, 100% used [0x00000000e0000000,0x00000000e4d00000,0x00000000e4d00000)
  from space 13824K, 99% used [0x00000000e4d00000,0x00000000e5a7a660,0x00000000e5a80000)
  to   space 15872K, 0% used [0x00000000e6d80000,0x00000000e6d80000,0x00000000e7d00000)
 ParOldGen       total 102912K, used 17919K [0x00000000a0000000, 0x00000000a6480000, 0x00000000e0000000)
  object space 102912K, 17% used [0x00000000a0000000,0x00000000a117fd58,0x00000000a6480000)
 Metaspace       used 55072K, capacity 56804K, committed 57008K, reserved 1097728K
  class space    used 7615K, capacity 8043K, committed 8112K, reserved 1048576K
Event: 22.028 GC heap after
Heap after GC invocations=16 (full 2):
 PSYoungGen      total 109056K, used 15855K [0x00000000e0000000, 0x00000000e8500000, 0x0000000100000000)
  eden space 93184K, 0% used [0x00000000e0000000,0x00000000e0000000,0x00000000e5b00000)
  from space 15872K, 99% used [0x00000000e6d80000,0x00000000e7cfbc08,0x00000000e7d00000)
  to   space 18944K, 0% used [0x00000000e5b00000,0x00000000e5b00000,0x00000000e6d80000)
 ParOldGen       total 102912K, used 20317K [0x00000000a0000000, 0x00000000a6480000, 0x00000000e0000000)
  object space 102912K, 19% used [0x00000000a0000000,0x00000000a13d7698,0x00000000a6480000)
 Metaspace       used 55072K, capacity 56804K, committed 57008K, reserved 1097728K
  class space    used 7615K, capacity 8043K, committed 8112K, reserved 1048576K
}
Event: 24.357 GC heap before
{Heap before GC invocations=17 (full 2):
 PSYoungGen      total 109056K, used 109039K [0x00000000e0000000, 0x00000000e8500000, 0x0000000100000000)
  eden space 93184K, 100% used [0x00000000e0000000,0x00000000e5b00000,0x00000000e5b00000)
  from space 15872K, 99% used [0x00000000e6d80000,0x00000000e7cfbc08,0x00000000e7d00000)
  to   space 18944K, 0% used [0x00000000e5b00000,0x00000000e5b00000,0x00000000e6d80000)
 ParOldGen       total 102912K, used 20317K [0x00000000a0000000, 0x00000000a6480000, 0x00000000e0000000)
  object space 102912K, 19% used [0x00000000a0000000,0x00000000a13d7698,0x00000000a6480000)
 Metaspace       used 56444K, capacity 58208K, committed 58544K, reserved 1099776K
  class space    used 7801K, capacity 8265K, committed 8368K, reserved 1048576K
Event: 24.391 GC heap after
Heap after GC invocations=17 (full 2):
 PSYoungGen      total 112128K, used 18943K [0x00000000e0000000, 0x00000000ea280000, 0x0000000100000000)
  eden space 93184K, 0% used [0x00000000e0000000,0x00000000e0000000,0x00000000e5b00000)
  from space 18944K, 99% used [0x00000000e5b00000,0x00000000e6d7fc08,0x00000000e6d80000)
  to   space 24576K, 0% used [0x00000000e8a80000,0x00000000e8a80000,0x00000000ea280000)
 ParOldGen       total 102912K, used 28594K [0x00000000a0000000, 0x00000000a6480000, 0x00000000e0000000)
  object space 102912K, 27% used [0x00000000a0000000,0x00000000a1becb60,0x00000000a6480000)
 Metaspace       used 56444K, capacity 58208K, committed 58544K, reserved 1099776K
  class space    used 7801K, capacity 8265K, committed 8368K, reserved 1048576K
}
Event: 26.205 GC heap before
{Heap before GC invocations=18 (full 2):
 PSYoungGen      total 112128K, used 50499K [0x00000000e0000000, 0x00000000ea280000, 0x0000000100000000)
  eden space 93184K, 33% used [0x00000000e0000000,0x00000000e1ed1090,0x00000000e5b00000)
  from space 18944K, 99% used [0x00000000e5b00000,0x00000000e6d7fc08,0x00000000e6d80000)
  to   space 24576K, 0% used [0x00000000e8a80000,0x00000000e8a80000,0x00000000ea280000)
 ParOldGen       total 102912K, used 28594K [0x00000000a0000000, 0x00000000a6480000, 0x00000000e0000000)
  object space 102912K, 27% used [0x00000000a0000000,0x00000000a1becb60,0x00000000a6480000)
 Metaspace       used 57330K, capacity 59152K, committed 59160K, reserved 1099776K
  class space    used 7877K, capacity 8361K, committed 8368K, reserved 1048576K

